Tue Apr 21 19:01:21 2020
M
Tue Apr 21 19:01:31 2020
M
Tue Apr 21 19:01:41 2020
M
Tue Apr 21 19:01:51 2020
M
Tue Apr 21 19:02:01 2020
M
Tue Apr 21 19:02:11 2020
M
Tue Apr 21 19:02:21 2020
M
Tue Apr 21 19:02:31 2020
M
Tue Apr 21 19:02:41 2020
M
Tue Apr 21 19:02:51 2020
M
Tue Apr 21 19:03:01 2020
M
Tue Apr 21 19:03:11 2020
HI
Tue Apr 21 19:03:21 2020
M
Tue Apr 21 22:25:17 2020
M
Thu Apr 30 15:28:31 2020
M
Mon May 18 18:04:04 2020
M
Mon May 18 18:05:20 2020
M
Mon May 18 19:05:00 2020
M
Mon May 18 19:06:35 2020
M
Mon May 18 19:07:00 2020
M
Mon May 18 19:08:52 2020
M
Mon May 18 19:10:35 2020
M
Mon May 18 19:12:37 2020
M
Mon May 18 19:13:26 2020
M
Mon May 18 19:13:57 2020
M
Mon May 18 19:14:14 2020
M
Mon May 18 19:17:10 2020
M
Mon May 18 19:18:23 2020
M
Mon May 18 19:18:47 2020
M
Mon May 18 19:19:22 2020
M
